INFO:     Will watch for changes in these directories: ['/Users/landenramsey/Downloads/Projects/StudyAssistant/backend']
INFO:     Uvicorn running on http://0.0.0.0:8000 (Press CTRL+C to quit)
INFO:     Started reloader process [35845] using WatchFiles
INFO:     Started server process [35849]
INFO:     Waiting for application startup.
INFO:     Application startup complete.
INFO:     127.0.0.1:54215 - "GET /api/health HTTP/1.1" 200 OK
INFO:     127.0.0.1:54226 - "POST /api/auth/signup HTTP/1.1" 500 Internal Server Error
ERROR:    Exception in ASGI application
Traceback (most recent call last):
  File "/Users/landenramsey/Downloads/Projects/StudyAssistant/backend/venv/lib/python3.12/site-packages/sqlalchemy/engine/base.py", line 1969, in _exec_single_context
    self.dialect.do_execute(
  File "/Users/landenramsey/Downloads/Projects/StudyAssistant/backend/venv/lib/python3.12/site-packages/sqlalchemy/engine/default.py", line 922, in do_execute
    cursor.execute(statement, parameters)
sqlite3.OperationalError: no such column: users.email

The above exception was the direct cause of the following exception:

Traceback (most recent call last):
  File "/Users/landenramsey/Downloads/Projects/StudyAssistant/backend/venv/lib/python3.12/site-packages/uvicorn/protocols/http/httptools_impl.py", line 426, in run_asgi
    result = await app(  # type: ignore[func-returns-value]
             ^^^^^^^^^^^^^^^^^^^^^^^^^^^^^^^^^^^^^^^^^^^^^^
  File "/Users/landenramsey/Downloads/Projects/StudyAssistant/backend/venv/lib/python3.12/site-packages/uvicorn/middleware/proxy_headers.py", line 84, in __call__
    return await self.app(scope, receive, send)
           ^^^^^^^^^^^^^^^^^^^^^^^^^^^^^^^^^^^^
  File "/Users/landenramsey/Downloads/Projects/StudyAssistant/backend/venv/lib/python3.12/site-packages/fastapi/applications.py", line 1106, in __call__
    await super().__call__(scope, receive, send)
  File "/Users/landenramsey/Downloads/Projects/StudyAssistant/backend/venv/lib/python3.12/site-packages/starlette/applications.py", line 122, in __call__
    await self.middleware_stack(scope, receive, send)
  File "/Users/landenramsey/Downloads/Projects/StudyAssistant/backend/venv/lib/python3.12/site-packages/starlette/middleware/errors.py", line 184, in __call__
    raise exc
  File "/Users/landenramsey/Downloads/Projects/StudyAssistant/backend/venv/lib/python3.12/site-packages/starlette/middleware/errors.py", line 162, in __call__
    await self.app(scope, receive, _send)
  File "/Users/landenramsey/Downloads/Projects/StudyAssistant/backend/venv/lib/python3.12/site-packages/starlette/middleware/cors.py", line 83, in __call__
    await self.app(scope, receive, send)
  File "/Users/landenramsey/Downloads/Projects/StudyAssistant/backend/venv/lib/python3.12/site-packages/starlette/middleware/exceptions.py", line 79, in __call__
    raise exc
  File "/Users/landenramsey/Downloads/Projects/StudyAssistant/backend/venv/lib/python3.12/site-packages/starlette/middleware/exceptions.py", line 68, in __call__
    await self.app(scope, receive, sender)
  File "/Users/landenramsey/Downloads/Projects/StudyAssistant/backend/venv/lib/python3.12/site-packages/fastapi/middleware/asyncexitstack.py", line 20, in __call__
    raise e
  File "/Users/landenramsey/Downloads/Projects/StudyAssistant/backend/venv/lib/python3.12/site-packages/fastapi/middleware/asyncexitstack.py", line 17, in __call__
    await self.app(scope, receive, send)
  File "/Users/landenramsey/Downloads/Projects/StudyAssistant/backend/venv/lib/python3.12/site-packages/starlette/routing.py", line 718, in __call__
    await route.handle(scope, receive, send)
  File "/Users/landenramsey/Downloads/Projects/StudyAssistant/backend/venv/lib/python3.12/site-packages/starlette/routing.py", line 276, in handle
    await self.app(scope, receive, send)
  File "/Users/landenramsey/Downloads/Projects/StudyAssistant/backend/venv/lib/python3.12/site-packages/starlette/routing.py", line 66, in app
    response = await func(request)
               ^^^^^^^^^^^^^^^^^^^
  File "/Users/landenramsey/Downloads/Projects/StudyAssistant/backend/venv/lib/python3.12/site-packages/fastapi/routing.py", line 274, in app
    raw_response = await run_endpoint_function(
                   ^^^^^^^^^^^^^^^^^^^^^^^^^^^^
  File "/Users/landenramsey/Downloads/Projects/StudyAssistant/backend/venv/lib/python3.12/site-packages/fastapi/routing.py", line 191, in run_endpoint_function
    return await dependant.call(**values)
           ^^^^^^^^^^^^^^^^^^^^^^^^^^^^^^
  File "/Users/landenramsey/Downloads/Projects/StudyAssistant/backend/app/routers/auth.py", line 53, in signup
    existing_user = db.query(User).filter(User.username == user_data.username).first()
                    ^^^^^^^^^^^^^^^^^^^^^^^^^^^^^^^^^^^^^^^^^^^^^^^^^^^^^^^^^^^^^^^^^^
  File "/Users/landenramsey/Downloads/Projects/StudyAssistant/backend/venv/lib/python3.12/site-packages/sqlalchemy/orm/query.py", line 2748, in first
    return self.limit(1)._iter().first()  # type: ignore
           ^^^^^^^^^^^^^^^^^^^^^
  File "/Users/landenramsey/Downloads/Projects/StudyAssistant/backend/venv/lib/python3.12/site-packages/sqlalchemy/orm/query.py", line 2847, in _iter
    result: Union[ScalarResult[_T], Result[_T]] = self.session.execute(
                                                  ^^^^^^^^^^^^^^^^^^^^^
  File "/Users/landenramsey/Downloads/Projects/StudyAssistant/backend/venv/lib/python3.12/site-packages/sqlalchemy/orm/session.py", line 2308, in execute
    return self._execute_internal(
           ^^^^^^^^^^^^^^^^^^^^^^^
  File "/Users/landenramsey/Downloads/Projects/StudyAssistant/backend/venv/lib/python3.12/site-packages/sqlalchemy/orm/session.py", line 2190, in _execute_internal
    result: Result[Any] = compile_state_cls.orm_execute_statement(
                          ^^^^^^^^^^^^^^^^^^^^^^^^^^^^^^^^^^^^^^^^
  File "/Users/landenramsey/Downloads/Projects/StudyAssistant/backend/venv/lib/python3.12/site-packages/sqlalchemy/orm/context.py", line 293, in orm_execute_statement
    result = conn.execute(
             ^^^^^^^^^^^^^
  File "/Users/landenramsey/Downloads/Projects/StudyAssistant/backend/venv/lib/python3.12/site-packages/sqlalchemy/engine/base.py", line 1416, in execute
    return meth(
           ^^^^^
  File "/Users/landenramsey/Downloads/Projects/StudyAssistant/backend/venv/lib/python3.12/site-packages/sqlalchemy/sql/elements.py", line 516, in _execute_on_connection
    return connection._execute_clauseelement(
           ^^^^^^^^^^^^^^^^^^^^^^^^^^^^^^^^^^
  File "/Users/landenramsey/Downloads/Projects/StudyAssistant/backend/venv/lib/python3.12/site-packages/sqlalchemy/engine/base.py", line 1639, in _execute_clauseelement
    ret = self._execute_context(
          ^^^^^^^^^^^^^^^^^^^^^^
  File "/Users/landenramsey/Downloads/Projects/StudyAssistant/backend/venv/lib/python3.12/site-packages/sqlalchemy/engine/base.py", line 1848, in _execute_context
    return self._exec_single_context(
           ^^^^^^^^^^^^^^^^^^^^^^^^^^
  File "/Users/landenramsey/Downloads/Projects/StudyAssistant/backend/venv/lib/python3.12/site-packages/sqlalchemy/engine/base.py", line 1988, in _exec_single_context
    self._handle_dbapi_exception(
  File "/Users/landenramsey/Downloads/Projects/StudyAssistant/backend/venv/lib/python3.12/site-packages/sqlalchemy/engine/base.py", line 2343, in _handle_dbapi_exception
    raise sqlalchemy_exception.with_traceback(exc_info[2]) from e
  File "/Users/landenramsey/Downloads/Projects/StudyAssistant/backend/venv/lib/python3.12/site-packages/sqlalchemy/engine/base.py", line 1969, in _exec_single_context
    self.dialect.do_execute(
  File "/Users/landenramsey/Downloads/Projects/StudyAssistant/backend/venv/lib/python3.12/site-packages/sqlalchemy/engine/default.py", line 922, in do_execute
    cursor.execute(statement, parameters)
sqlalchemy.exc.OperationalError: (sqlite3.OperationalError) no such column: users.email
[SQL: SELECT users.id AS users_id, users.username AS users_username, users.password_hash AS users_password_hash, users.email AS users_email, users.year AS users_year, users.major AS users_major, users.created_at AS users_created_at, users.last_login AS users_last_login 
FROM users 
WHERE users.username = ?
 LIMIT ? OFFSET ?]
[parameters: ('testemail1764367649', 1, 0)]
(Background on this error at: https://sqlalche.me/e/20/e3q8)
INFO:     127.0.0.1:54247 - "POST /api/auth/signup HTTP/1.1" 500 Internal Server Error
ERROR:    Exception in ASGI application
Traceback (most recent call last):
  File "/Users/landenramsey/Downloads/Projects/StudyAssistant/backend/venv/lib/python3.12/site-packages/sqlalchemy/engine/base.py", line 1969, in _exec_single_context
    self.dialect.do_execute(
  File "/Users/landenramsey/Downloads/Projects/StudyAssistant/backend/venv/lib/python3.12/site-packages/sqlalchemy/engine/default.py", line 922, in do_execute
    cursor.execute(statement, parameters)
sqlite3.OperationalError: no such column: users.email

The above exception was the direct cause of the following exception:

Traceback (most recent call last):
  File "/Users/landenramsey/Downloads/Projects/StudyAssistant/backend/venv/lib/python3.12/site-packages/uvicorn/protocols/http/httptools_impl.py", line 426, in run_asgi
    result = await app(  # type: ignore[func-returns-value]
             ^^^^^^^^^^^^^^^^^^^^^^^^^^^^^^^^^^^^^^^^^^^^^^
  File "/Users/landenramsey/Downloads/Projects/StudyAssistant/backend/venv/lib/python3.12/site-packages/uvicorn/middleware/proxy_headers.py", line 84, in __call__
    return await self.app(scope, receive, send)
           ^^^^^^^^^^^^^^^^^^^^^^^^^^^^^^^^^^^^
  File "/Users/landenramsey/Downloads/Projects/StudyAssistant/backend/venv/lib/python3.12/site-packages/fastapi/applications.py", line 1106, in __call__
    await super().__call__(scope, receive, send)
  File "/Users/landenramsey/Downloads/Projects/StudyAssistant/backend/venv/lib/python3.12/site-packages/starlette/applications.py", line 122, in __call__
    await self.middleware_stack(scope, receive, send)
  File "/Users/landenramsey/Downloads/Projects/StudyAssistant/backend/venv/lib/python3.12/site-packages/starlette/middleware/errors.py", line 184, in __call__
    raise exc
  File "/Users/landenramsey/Downloads/Projects/StudyAssistant/backend/venv/lib/python3.12/site-packages/starlette/middleware/errors.py", line 162, in __call__
    await self.app(scope, receive, _send)
  File "/Users/landenramsey/Downloads/Projects/StudyAssistant/backend/venv/lib/python3.12/site-packages/starlette/middleware/cors.py", line 83, in __call__
    await self.app(scope, receive, send)
  File "/Users/landenramsey/Downloads/Projects/StudyAssistant/backend/venv/lib/python3.12/site-packages/starlette/middleware/exceptions.py", line 79, in __call__
    raise exc
  File "/Users/landenramsey/Downloads/Projects/StudyAssistant/backend/venv/lib/python3.12/site-packages/starlette/middleware/exceptions.py", line 68, in __call__
    await self.app(scope, receive, sender)
  File "/Users/landenramsey/Downloads/Projects/StudyAssistant/backend/venv/lib/python3.12/site-packages/fastapi/middleware/asyncexitstack.py", line 20, in __call__
    raise e
  File "/Users/landenramsey/Downloads/Projects/StudyAssistant/backend/venv/lib/python3.12/site-packages/fastapi/middleware/asyncexitstack.py", line 17, in __call__
    await self.app(scope, receive, send)
  File "/Users/landenramsey/Downloads/Projects/StudyAssistant/backend/venv/lib/python3.12/site-packages/starlette/routing.py", line 718, in __call__
    await route.handle(scope, receive, send)
  File "/Users/landenramsey/Downloads/Projects/StudyAssistant/backend/venv/lib/python3.12/site-packages/starlette/routing.py", line 276, in handle
    await self.app(scope, receive, send)
  File "/Users/landenramsey/Downloads/Projects/StudyAssistant/backend/venv/lib/python3.12/site-packages/starlette/routing.py", line 66, in app
    response = await func(request)
               ^^^^^^^^^^^^^^^^^^^
  File "/Users/landenramsey/Downloads/Projects/StudyAssistant/backend/venv/lib/python3.12/site-packages/fastapi/routing.py", line 274, in app
    raw_response = await run_endpoint_function(
                   ^^^^^^^^^^^^^^^^^^^^^^^^^^^^
  File "/Users/landenramsey/Downloads/Projects/StudyAssistant/backend/venv/lib/python3.12/site-packages/fastapi/routing.py", line 191, in run_endpoint_function
    return await dependant.call(**values)
           ^^^^^^^^^^^^^^^^^^^^^^^^^^^^^^
  File "/Users/landenramsey/Downloads/Projects/StudyAssistant/backend/app/routers/auth.py", line 53, in signup
    existing_user = db.query(User).filter(User.username == user_data.username).first()
                    ^^^^^^^^^^^^^^^^^^^^^^^^^^^^^^^^^^^^^^^^^^^^^^^^^^^^^^^^^^^^^^^^^^
  File "/Users/landenramsey/Downloads/Projects/StudyAssistant/backend/venv/lib/python3.12/site-packages/sqlalchemy/orm/query.py", line 2748, in first
    return self.limit(1)._iter().first()  # type: ignore
           ^^^^^^^^^^^^^^^^^^^^^
  File "/Users/landenramsey/Downloads/Projects/StudyAssistant/backend/venv/lib/python3.12/site-packages/sqlalchemy/orm/query.py", line 2847, in _iter
    result: Union[ScalarResult[_T], Result[_T]] = self.session.execute(
                                                  ^^^^^^^^^^^^^^^^^^^^^
  File "/Users/landenramsey/Downloads/Projects/StudyAssistant/backend/venv/lib/python3.12/site-packages/sqlalchemy/orm/session.py", line 2308, in execute
    return self._execute_internal(
           ^^^^^^^^^^^^^^^^^^^^^^^
  File "/Users/landenramsey/Downloads/Projects/StudyAssistant/backend/venv/lib/python3.12/site-packages/sqlalchemy/orm/session.py", line 2190, in _execute_internal
    result: Result[Any] = compile_state_cls.orm_execute_statement(
                          ^^^^^^^^^^^^^^^^^^^^^^^^^^^^^^^^^^^^^^^^
  File "/Users/landenramsey/Downloads/Projects/StudyAssistant/backend/venv/lib/python3.12/site-packages/sqlalchemy/orm/context.py", line 293, in orm_execute_statement
    result = conn.execute(
             ^^^^^^^^^^^^^
  File "/Users/landenramsey/Downloads/Projects/StudyAssistant/backend/venv/lib/python3.12/site-packages/sqlalchemy/engine/base.py", line 1416, in execute
    return meth(
           ^^^^^
  File "/Users/landenramsey/Downloads/Projects/StudyAssistant/backend/venv/lib/python3.12/site-packages/sqlalchemy/sql/elements.py", line 516, in _execute_on_connection
    return connection._execute_clauseelement(
           ^^^^^^^^^^^^^^^^^^^^^^^^^^^^^^^^^^
  File "/Users/landenramsey/Downloads/Projects/StudyAssistant/backend/venv/lib/python3.12/site-packages/sqlalchemy/engine/base.py", line 1639, in _execute_clauseelement
    ret = self._execute_context(
          ^^^^^^^^^^^^^^^^^^^^^^
  File "/Users/landenramsey/Downloads/Projects/StudyAssistant/backend/venv/lib/python3.12/site-packages/sqlalchemy/engine/base.py", line 1848, in _execute_context
    return self._exec_single_context(
           ^^^^^^^^^^^^^^^^^^^^^^^^^^
  File "/Users/landenramsey/Downloads/Projects/StudyAssistant/backend/venv/lib/python3.12/site-packages/sqlalchemy/engine/base.py", line 1988, in _exec_single_context
    self._handle_dbapi_exception(
  File "/Users/landenramsey/Downloads/Projects/StudyAssistant/backend/venv/lib/python3.12/site-packages/sqlalchemy/engine/base.py", line 2343, in _handle_dbapi_exception
    raise sqlalchemy_exception.with_traceback(exc_info[2]) from e
  File "/Users/landenramsey/Downloads/Projects/StudyAssistant/backend/venv/lib/python3.12/site-packages/sqlalchemy/engine/base.py", line 1969, in _exec_single_context
    self.dialect.do_execute(
  File "/Users/landenramsey/Downloads/Projects/StudyAssistant/backend/venv/lib/python3.12/site-packages/sqlalchemy/engine/default.py", line 922, in do_execute
    cursor.execute(statement, parameters)
sqlalchemy.exc.OperationalError: (sqlite3.OperationalError) no such column: users.email
[SQL: SELECT users.id AS users_id, users.username AS users_username, users.password_hash AS users_password_hash, users.email AS users_email, users.year AS users_year, users.major AS users_major, users.created_at AS users_created_at, users.last_login AS users_last_login 
FROM users 
WHERE users.username = ?
 LIMIT ? OFFSET ?]
[parameters: ('testemail1764367684', 1, 0)]
(Background on this error at: https://sqlalche.me/e/20/e3q8)
